<?xml version="1.0" encoding="utf-8"?>
<test-run id="2" testcasecount="10" result="Passed" total="10" passed="10" failed="0" inconclusive="0" skipped="0" asserts="0" engine-version="3.5.0.0" clr-version="4.0.30319.42000" start-time="2026-08-04 13:53:12Z" end-time="2026-08-04 13:53:41Z" duration="29.2551614">
  <test-suite type="TestSuite" id="1019" name="Shadow Tile Escape" fullname="Shadow Tile Escape" runstate="Runnable" testcasecount="10" result="Passed" start-time="2026-08-04 13:53:12Z" end-time="2026-08-04 13:53:41Z" duration="29.255161" total="10" passed="10" failed="0" inconclusive="0" skipped="0" asserts="0">
    <properties>
      <property name="platform" value="PlayMode" />
    </properties>
    <test-suite type="Assembly" id="1013" name="ShadowTileEscape.PlayModeTests.dll" fullname="/Users/mehranmughal/Documents/Game Development/ShadowTileEscape/Library/ScriptAssemblies/ShadowTileEscape.PlayModeTests.dll" runstate="Runnable" testcasecount="10" result="Passed" start-time="2026-08-04 13:53:12Z" end-time="2026-08-04 13:53:41Z" duration="29.230281" total="10" passed="10" failed="0" inconclusive="0" skipped="0" asserts="0">
      <properties>
        <property name="_PID" value="10880" />
        <property name="_APPDOMAIN" value="Unity Child Domain" />
        <property name="platform" value="PlayMode" />
        <property name="EditorOnly" value="False" />
      </properties>
      <test-suite type="TestSuite" id="1014" name="ShadowTileEscape" fullname="ShadowTileEscape" runstate="Runnable" testcasecount="10" result="Passed" start-time="2026-08-04 13:53:12Z" end-time="2026-08-04 13:53:41Z" duration="29.228536" total="10" passed="10" failed="0" inconclusive="0" skipped="0" asserts="0">
        <properties />
        <test-suite type="TestSuite" id="1015" name="Tests" fullname="ShadowTileEscape.Tests" runstate="Runnable" testcasecount="10" result="Passed" start-time="2026-08-04 13:53:12Z" end-time="2026-08-04 13:53:41Z" duration="29.209302" total="10" passed="10" failed="0" inconclusive="0" skipped="0" asserts="0">
          <properties />
          <test-suite type="TestFixture" id="1001" name="UiRedesignFlowTests" fullname="ShadowTileEscape.Tests.UiRedesignFlowTests" classname="ShadowTileEscape.Tests.UiRedesignFlowTests" runstate="Runnable" testcasecount="5" result="Passed" start-time="2026-08-04 13:53:12Z" end-time="2026-08-04 13:53:14Z" duration="2.509296" total="5" passed="5" failed="0" inconclusive="0" skipped="0" asserts="0">
            <properties />
            <test-case id="1006" name="CompletionShowsAggregateResultsAndEveryRequiredDestination" fullname="ShadowTileEscape.Tests.UiRedesignFlowTests.CompletionShowsAggregateResultsAndEveryRequiredDestination" methodname="CompletionShowsAggregateResultsAndEveryRequiredDestination" classname="ShadowTileEscape.Tests.UiRedesignFlowTests" runstate="Runnable" seed="2050816434" result="Passed" start-time="2026-08-04 13:53:12Z" end-time="2026-08-04 13:53:12Z" duration="0.439657" asserts="0">
              <properties>
                <property name="_JOINTYPE" value="UnityCombinatorial" />
                <property name="retryIteration" value="0" />
                <property name="repeatIteration" value="0" />
              </properties>
            </test-case>
            <test-case id="1005" name="GameplayHintPauseSettingsAndModalCommandBlockingWork" fullname="ShadowTileEscape.Tests.UiRedesignFlowTests.GameplayHintPauseSettingsAndModalCommandBlockingWork" methodname="GameplayHintPauseSettingsAndModalCommandBlockingWork" classname="ShadowTileEscape.Tests.UiRedesignFlowTests" runstate="Runnable" seed="1674103206" result="Passed" start-time="2026-08-04 13:53:12Z" end-time="2026-08-04 13:53:13Z" duration="0.703344" asserts="0">
              <properties>
                <property name="_JOINTYPE" value="UnityCombinatorial" />
                <property name="retryIteration" value="0" />
                <property name="repeatIteration" value="0" />
              </properties>
            </test-case>
            <test-case id="1004" name="LevelSelectRendersChapterAndPerLevelProgress" fullname="ShadowTileEscape.Tests.UiRedesignFlowTests.LevelSelectRendersChapterAndPerLevelProgress" methodname="LevelSelectRendersChapterAndPerLevelProgress" classname="ShadowTileEscape.Tests.UiRedesignFlowTests" runstate="Runnable" seed="781109675" result="Passed" start-time="2026-08-04 13:53:13Z" end-time="2026-08-04 13:53:13Z" duration="0.336269" asserts="0">
              <properties>
                <property name="_JOINTYPE" value="UnityCombinatorial" />
                <property name="retryIteration" value="0" />
                <property name="repeatIteration" value="0" />
              </properties>
            </test-case>
            <test-case id="1002" name="MainMenuPrimaryStateNewGameConfirmationAndCreditsRelocationWork" fullname="ShadowTileEscape.Tests.UiRedesignFlowTests.MainMenuPrimaryStateNewGameConfirmationAndCreditsRelocationWork" methodname="MainMenuPrimaryStateNewGameConfirmationAndCreditsRelocationWork" classname="ShadowTileEscape.Tests.UiRedesignFlowTests" runstate="Runnable" seed="1112545028" result="Passed" start-time="2026-08-04 13:53:13Z" end-time="2026-08-04 13:53:14Z" duration="0.673274" asserts="0">
              <properties>
                <property name="_JOINTYPE" value="UnityCombinatorial" />
                <property name="retryIteration" value="0" />
                <property name="repeatIteration" value="0" />
              </properties>
            </test-case>
            <test-case id="1003" name="SettingsPersistMixerComfortTutorialAndSettingsPreservingProgressReset" fullname="ShadowTileEscape.Tests.UiRedesignFlowTests.SettingsPersistMixerComfortTutorialAndSettingsPreservingProgressReset" methodname="SettingsPersistMixerComfortTutorialAndSettingsPreservingProgressReset" classname="ShadowTileEscape.Tests.UiRedesignFlowTests" runstate="Runnable" seed="163437523" result="Passed" start-time="2026-08-04 13:53:14Z" end-time="2026-08-04 13:53:14Z" duration="0.338235" asserts="0">
              <properties>
                <property name="_JOINTYPE" value="UnityCombinatorial" />
                <property name="retryIteration" value="0" />
                <property name="repeatIteration" value="0" />
              </properties>
            </test-case>
          </test-suite>
          <test-suite type="TestFixture" id="1007" name="VerticalSliceFlowTests" fullname="ShadowTileEscape.Tests.VerticalSliceFlowTests" classname="ShadowTileEscape.Tests.VerticalSliceFlowTests" runstate="Runnable" testcasecount="5" result="Passed" start-time="2026-08-04 13:53:14Z" end-time="2026-08-04 13:53:41Z" duration="26.682291" total="5" passed="5" failed="0" inconclusive="0" skipped="0" asserts="0">
            <properties />
            <test-case id="1008" name="BootMenuAndLevelSelectReachLevelOne" fullname="ShadowTileEscape.Tests.VerticalSliceFlowTests.BootMenuAndLevelSelectReachLevelOne" methodname="BootMenuAndLevelSelectReachLevelOne" classname="ShadowTileEscape.Tests.VerticalSliceFlowTests" runstate="Runnable" seed="597128774" result="Passed" start-time="2026-08-04 13:53:14Z" end-time="2026-08-04 13:53:16Z" duration="1.656591" asserts="0">
              <properties>
                <property name="_JOINTYPE" value="UnityCombinatorial" />
                <property name="retryIteration" value="0" />
                <property name="repeatIteration" value="0" />
              </properties>
            </test-case>
            <test-case id="1012" name="EverySerializedLevelSceneCompletesAndFinaleOpensCompletion" fullname="ShadowTileEscape.Tests.VerticalSliceFlowTests.EverySerializedLevelSceneCompletesAndFinaleOpensCompletion" methodname="EverySerializedLevelSceneCompletesAndFinaleOpensCompletion" classname="ShadowTileEscape.Tests.VerticalSliceFlowTests" runstate="Runnable" seed="2121694416" result="Passed" start-time="2026-08-04 13:53:16Z" end-time="2026-08-04 13:53:37Z" duration="20.885722" asserts="0">
              <properties>
                <property name="_JOINTYPE" value="UnityCombinatorial" />
                <property name="retryIteration" value="0" />
                <property name="repeatIteration" value="0" />
              </properties>
            </test-case>
            <test-case id="1010" name="ExposureFailsAndUndoRestoresAcceptedPreTurnState" fullname="ShadowTileEscape.Tests.VerticalSliceFlowTests.ExposureFailsAndUndoRestoresAcceptedPreTurnState" methodname="ExposureFailsAndUndoRestoresAcceptedPreTurnState" classname="ShadowTileEscape.Tests.VerticalSliceFlowTests" runstate="Runnable" seed="525074644" result="Passed" start-time="2026-08-04 13:53:37Z" end-time="2026-08-04 13:53:38Z" duration="1.474795" asserts="0">
              <properties>
                <property name="_JOINTYPE" value="UnityCombinatorial" />
                <property name="retryIteration" value="0" />
                <property name="repeatIteration" value="0" />
              </properties>
            </test-case>
            <test-case id="1011" name="PausePanelBlocksCommandsAndResumeRestoresInput" fullname="ShadowTileEscape.Tests.VerticalSliceFlowTests.PausePanelBlocksCommandsAndResumeRestoresInput" methodname="PausePanelBlocksCommandsAndResumeRestoresInput" classname="ShadowTileEscape.Tests.VerticalSliceFlowTests" runstate="Runnable" seed="1358090874" result="Passed" start-time="2026-08-04 13:53:38Z" end-time="2026-08-04 13:53:39Z" duration="0.450668" asserts="0">
              <properties>
                <property name="_JOINTYPE" value="UnityCombinatorial" />
                <property name="retryIteration" value="0" />
                <property name="repeatIteration" value="0" />
              </properties>
            </test-case>
            <test-case id="1009" name="SerializedTouchButtonAndSolutionCompleteLevel" fullname="ShadowTileEscape.Tests.VerticalSliceFlowTests.SerializedTouchButtonAndSolutionCompleteLevel" methodname="SerializedTouchButtonAndSolutionCompleteLevel" classname="ShadowTileEscape.Tests.VerticalSliceFlowTests" runstate="Runnable" seed="1614409955" result="Passed" start-time="2026-08-04 13:53:39Z" end-time="2026-08-04 13:53:41Z" duration="2.205996" asserts="0">
              <properties>
                <property name="_JOINTYPE" value="UnityCombinatorial" />
                <property name="retryIteration" value="0" />
                <property name="repeatIteration" value="0" />
              </properties>
              <output><![CDATA[Saving results to: /Users/mehranmughal/Library/Application Support/Moonlit Sicku Games/Shadow Tile Escape/TestResults.xml
]]></output>
            </test-case>
          </test-suite>
        </test-suite>
      </test-suite>
    </test-suite>
  </test-suite>
</test-run>